<?xml version="1.0" encoding="UTF-8"?>
<testsuite name="com.starbucks.ShippableTestApplicationTests" tests="1" skipped="0" failures="0" errors="0" timestamp="2016-12-05T22:04:50" hostname="ip-192-168-22-111.us-west-2.compute.internal" time="0.009">
  <properties/>
  <testcase name="contextLoads" classname="com.starbucks.ShippableTestApplicationTests" time="0.009"/>
  <system-out><![CDATA[14:04:48.439 [Test worker] DEBUG org.springframework.test.context.junit4.SpringJUnit4ClassRunner - SpringJUnit4ClassRunner constructor called with [class com.starbucks.ShippableTestApplicationTests]
14:04:48.443 [Test worker] DEBUG org.springframework.test.context.BootstrapUtils - Instantiating CacheAwareContextLoaderDelegate from class [org.springframework.test.context.cache.DefaultCacheAwareContextLoaderDelegate]
14:04:48.448 [Test worker] DEBUG org.springframework.test.context.BootstrapUtils - Instantiating BootstrapContext using constructor [public org.springframework.test.context.support.DefaultBootstrapContext(java.lang.Class,org.springframework.test.context.CacheAwareContextLoaderDelegate)]
14:04:48.458 [Test worker] DEBUG org.springframework.test.context.BootstrapUtils - Instantiating TestContextBootstrapper for test class [com.starbucks.ShippableTestApplicationTests] from class [org.springframework.boot.test.context.SpringBootTestContextBootstrapper]
14:04:48.466 [Test worker] INFO org.springframework.boot.test.context.SpringBootTestContextBootstrapper - Neither @ContextConfiguration nor @ContextHierarchy found for test class [com.starbucks.ShippableTestApplicationTests], using SpringBootContextLoader
14:04:48.468 [Test worker] DEBUG org.springframework.test.context.support.AbstractContextLoader - Did not detect default resource location for test class [com.starbucks.ShippableTestApplicationTests]: class path resource [com/starbucks/ShippableTestApplicationTests-context.xml] does not exist
14:04:48.469 [Test worker] DEBUG org.springframework.test.context.support.AbstractContextLoader - Did not detect default resource location for test class [com.starbucks.ShippableTestApplicationTests]: class path resource [com/starbucks/ShippableTestApplicationTestsContext.groovy] does not exist
14:04:48.469 [Test worker] INFO org.springframework.test.context.support.AbstractContextLoader - Could not detect default resource locations for test class [com.starbucks.ShippableTestApplicationTests]: no resource found for suffixes {-context.xml, Context.groovy}.
14:04:48.469 [Test worker] INFO org.springframework.test.context.support.AnnotationConfigContextLoaderUtils - Could not detect default configuration classes for test class [com.starbucks.ShippableTestApplicationTests]: ShippableTestApplicationTests does not declare any static, non-private, non-final, nested classes annotated with @Configuration.
14:04:48.494 [Test worker] DEBUG org.springframework.test.context.support.ActiveProfilesUtils - Could not find an 'annotation declaring class' for annotation type [org.springframework.test.context.ActiveProfiles] and class [com.starbucks.ShippableTestApplicationTests]
14:04:48.522 [Test worker] DEBUG org.springframework.core.env.StandardEnvironment - Adding [systemProperties] PropertySource with lowest search precedence
14:04:48.523 [Test worker] DEBUG org.springframework.core.env.StandardEnvironment - Adding [systemEnvironment] PropertySource with lowest search precedence
14:04:48.523 [Test worker] DEBUG org.springframework.core.env.StandardEnvironment - Initialized StandardEnvironment with PropertySources [systemProperties,systemEnvironment]
14:04:48.529 [Test worker] DEBUG org.springframework.core.io.support.PathMatchingResourcePatternResolver - Resolved classpath location [com/starbucks/] to resources [URL [file:/Users/travis.redfield/dev/sbux/test-shippable/build/classes/test/com/starbucks/], URL [file:/Users/travis.redfield/dev/sbux/test-shippable/build/classes/main/com/starbucks/]]
14:04:48.529 [Test worker] DEBUG org.springframework.core.io.support.PathMatchingResourcePatternResolver - Looking for matching resources in directory tree [/Users/travis.redfield/dev/sbux/test-shippable/build/classes/test/com/starbucks]
14:04:48.529 [Test worker] DEBUG org.springframework.core.io.support.PathMatchingResourcePatternResolver - Searching directory [/Users/travis.redfield/dev/sbux/test-shippable/build/classes/test/com/starbucks] for files matching pattern [/Users/travis.redfield/dev/sbux/test-shippable/build/classes/test/com/starbucks/*.class]
14:04:48.532 [Test worker] DEBUG org.springframework.core.io.support.PathMatchingResourcePatternResolver - Looking for matching resources in directory tree [/Users/travis.redfield/dev/sbux/test-shippable/build/classes/main/com/starbucks]
14:04:48.532 [Test worker] DEBUG org.springframework.core.io.support.PathMatchingResourcePatternResolver - Searching directory [/Users/travis.redfield/dev/sbux/test-shippable/build/classes/main/com/starbucks] for files matching pattern [/Users/travis.redfield/dev/sbux/test-shippable/build/classes/main/com/starbucks/*.class]
14:04:48.532 [Test worker] DEBUG org.springframework.core.io.support.PathMatchingResourcePatternResolver - Resolved location pattern [classpath*:com/starbucks/*.class] to resources [file [/Users/travis.redfield/dev/sbux/test-shippable/build/classes/test/com/starbucks/ShippableTestApplicationTests.class], file [/Users/travis.redfield/dev/sbux/test-shippable/build/classes/main/com/starbucks/ShippableTestApplication.class]]
14:04:48.562 [Test worker] DEBUG org.springframework.context.annotation.ClassPathScanningCandidateComponentProvider - Identified candidate component class: file [/Users/travis.redfield/dev/sbux/test-shippable/build/classes/main/com/starbucks/ShippableTestApplication.class]
14:04:48.563 [Test worker] INFO org.springframework.boot.test.context.SpringBootTestContextBootstrapper - Found @SpringBootConfiguration com.starbucks.ShippableTestApplication for test class com.starbucks.ShippableTestApplicationTests
14:04:48.566 [Test worker] DEBUG org.springframework.boot.test.context.SpringBootTestContextBootstrapper - @TestExecutionListeners is not present for class [com.starbucks.ShippableTestApplicationTests]: using defaults.
14:04:48.569 [Test worker] INFO org.springframework.boot.test.context.SpringBootTestContextBootstrapper - Loaded default TestExecutionListener class names from location [META-INF/spring.factories]: [org.springframework.boot.test.mock.mockito.MockitoTestExecutionListener, org.springframework.boot.test.mock.mockito.ResetMocksTestExecutionListener, org.springframework.boot.test.autoconfigure.restdocs.RestDocsTestExecutionListener, org.springframework.boot.test.autoconfigure.web.client.MockRestServiceServerResetTestExecutionListener, org.springframework.boot.test.autoconfigure.web.servlet.MockMvcPrintOnlyOnFailureTestExecutionListener, org.springframework.boot.test.autoconfigure.web.servlet.WebDriverTestExecutionListener, org.springframework.test.context.web.ServletTestExecutionListener, org.springframework.test.context.support.DirtiesContextBeforeModesTestExecutionListener, org.springframework.test.context.support.DependencyInjectionTestExecutionListener, org.springframework.test.context.support.DirtiesContextTestExecutionListener, org.springframework.test.context.transaction.TransactionalTestExecutionListener, org.springframework.test.context.jdbc.SqlScriptsTestExecutionListener]
14:04:48.576 [Test worker] INFO org.springframework.boot.test.context.SpringBootTestContextBootstrapper - Could not instantiate TestExecutionListener [org.springframework.test.context.jdbc.SqlScriptsTestExecutionListener]. Specify custom listener classes or make the default listener classes (and their required dependencies) available. Offending class: [org/springframework/transaction/interceptor/TransactionAttribute]
14:04:48.577 [Test worker] INFO org.springframework.boot.test.context.SpringBootTestContextBootstrapper - Could not instantiate TestExecutionListener [org.springframework.test.context.transaction.TransactionalTestExecutionListener]. Specify custom listener classes or make the default listener classes (and their required dependencies) available. Offending class: [org/springframework/transaction/interceptor/TransactionAttributeSource]
14:04:48.579 [Test worker] INFO org.springframework.boot.test.context.SpringBootTestContextBootstrapper - Using TestExecutionListeners: [org.springframework.test.context.web.ServletTestExecutionListener@49c01604, org.springframework.test.context.support.DirtiesContextBeforeModesTestExecutionListener@2403bbf7, org.springframework.boot.test.autoconfigure.SpringBootDependencyInjectionTestExecutionListener@4da87f9b, org.springframework.test.context.support.DirtiesContextTestExecutionListener@1c90b88f, org.springframework.boot.test.mock.mockito.ResetMocksTestExecutionListener@55a9fd2f, org.springframework.boot.test.mock.mockito.MockitoTestExecutionListener@6ccc286e, org.springframework.boot.test.autoconfigure.web.servlet.MockMvcPrintOnlyOnFailureTestExecutionListener@6296c6cb, org.springframework.boot.test.autoconfigure.web.servlet.WebDriverTestExecutionListener@7b5b4ed6, org.springframework.boot.test.autoconfigure.restdocs.RestDocsTestExecutionListener@61018417, org.springframework.boot.test.autoconfigure.web.client.MockRestServiceServerResetTestExecutionListener@6c035f01]
14:04:48.581 [Test worker] DEBUG org.springframework.test.annotation.ProfileValueUtils - Retrieved @ProfileValueSourceConfiguration [null] for test class [com.starbucks.ShippableTestApplicationTests]
14:04:48.582 [Test worker] DEBUG org.springframework.test.annotation.ProfileValueUtils - Retrieved ProfileValueSource type [class org.springframework.test.annotation.SystemProfileValueSource] for class [com.starbucks.ShippableTestApplicationTests]
14:04:48.582 [Test worker] DEBUG org.springframework.test.annotation.ProfileValueUtils - Retrieved @ProfileValueSourceConfiguration [null] for test class [com.starbucks.ShippableTestApplicationTests]
14:04:48.582 [Test worker] DEBUG org.springframework.test.annotation.ProfileValueUtils - Retrieved ProfileValueSource type [class org.springframework.test.annotation.SystemProfileValueSource] for class [com.starbucks.ShippableTestApplicationTests]
14:04:48.586 [Test worker] DEBUG org.springframework.test.context.support.AbstractDirtiesContextTestExecutionListener - Before test class: context [DefaultTestContext@6800fa09 testClass = ShippableTestApplicationTests, testInstance = [null], testMethod = [null], testException = [null], mergedContextConfiguration = [WebMergedContextConfiguration@76501978 testClass = ShippableTestApplicationTests, locations = '{}', classes = '{class com.starbucks.ShippableTestApplication}', contextInitializerClasses = '[]', activeProfiles = '{}', propertySourceLocations = '{}', propertySourceProperties = '{org.springframework.boot.test.context.SpringBootTestContextBootstrapper=true}', contextCustomizers = set[org.springframework.boot.test.context.SpringBootTestContextCustomizer@34c2fe46, org.springframework.boot.test.context.filter.ExcludeFilterContextCustomizer@369d17d, org.springframework.boot.test.mock.mockito.MockitoContextCustomizer@0, org.springframework.boot.test.autoconfigure.properties.PropertyMappingContextCustomizer@0, org.springframework.boot.test.autoconfigure.web.servlet.WebDriverContextCustomizerFactory$Customizer@cf7b1f5], resourceBasePath = 'src/main/webapp', contextLoader = 'org.springframework.boot.test.context.SpringBootContextLoader', parent = [null]]], class annotated with @DirtiesContext [false] with mode [null].
14:04:48.586 [Test worker] DEBUG org.springframework.test.annotation.ProfileValueUtils - Retrieved @ProfileValueSourceConfiguration [null] for test class [com.starbucks.ShippableTestApplicationTests]
14:04:48.586 [Test worker] DEBUG org.springframework.test.annotation.ProfileValueUtils - Retrieved ProfileValueSource type [class org.springframework.test.annotation.SystemProfileValueSource] for class [com.starbucks.ShippableTestApplicationTests]
14:04:48.604 [Test worker] DEBUG org.springframework.core.env.StandardEnvironment - Adding [systemProperties] PropertySource with lowest search precedence
14:04:48.605 [Test worker] DEBUG org.springframework.core.env.StandardEnvironment - Adding [systemEnvironment] PropertySource with lowest search precedence
14:04:48.605 [Test worker] DEBUG org.springframework.core.env.StandardEnvironment - Initialized StandardEnvironment with PropertySources [systemProperties,systemEnvironment]
14:04:48.605 [Test worker] DEBUG org.springframework.test.context.support.TestPropertySourceUtils - Adding inlined properties to environment: {spring.jmx.enabled=false, org.springframework.boot.test.context.SpringBootTestContextBootstrapper=true, server.port=-1}
14:04:48.606 [Test worker] DEBUG org.springframework.core.env.StandardEnvironment - Adding [Inlined Test Properties] PropertySource with highest search precedence

  .   ____          _            __ _ _
 /\\ / ___'_ __ _ _(_)_ __  __ _ \ \ \ \
( ( )\___ | '_ | '_| | '_ \/ _` | \ \ \ \
 \\/  ___)| |_)| | | | | || (_| |  ) ) ) )
  '  |____| .__|_| |_|_| |_\__, | / / / /
 =========|_|==============|___/=/_/_/_/
 :: Spring Boot ::        (v1.4.2.RELEASE)

2016-12-05 14:04:49.362  INFO 44687 --- [    Test worker] c.s.ShippableTestApplicationTests        : Starting ShippableTestApplicationTests on ip-192-168-22-111.us-west-2.compute.internal with PID 44687 (started by travis.redfield in /Users/travis.redfield/dev/sbux/test-shippable)
2016-12-05 14:04:49.364  INFO 44687 --- [    Test worker] c.s.ShippableTestApplicationTests        : No active profile set, falling back to default profiles: default
2016-12-05 14:04:49.390  INFO 44687 --- [    Test worker] o.s.w.c.s.GenericWebApplicationContext   : Refreshing org.springframework.web.context.support.GenericWebApplicationContext@6c181af8: startup date [Mon Dec 05 14:04:49 PST 2016]; root of context hierarchy
2016-12-05 14:04:50.438  INFO 44687 --- [    Test worker] s.w.s.m.m.a.RequestMappingHandlerAdapter : Looking for @ControllerAdvice: org.springframework.web.context.support.GenericWebApplicationContext@6c181af8: startup date [Mon Dec 05 14:04:49 PST 2016]; root of context hierarchy
2016-12-05 14:04:50.480  INFO 44687 --- [    Test worker] s.w.s.m.m.a.RequestMappingHandlerMapping : Mapped "{[/error]}" onto public org.springframework.http.ResponseEntity<java.util.Map<java.lang.String, java.lang.Object>> org.springframework.boot.autoconfigure.web.BasicErrorController.error(javax.servlet.http.HttpServletRequest)
2016-12-05 14:04:50.481  INFO 44687 --- [    Test worker] s.w.s.m.m.a.RequestMappingHandlerMapping : Mapped "{[/error],produces=[text/html]}" onto public org.springframework.web.servlet.ModelAndView org.springframework.boot.autoconfigure.web.BasicErrorController.errorHtml(javax.servlet.http.HttpServletRequest,javax.servlet.http.HttpServletResponse)
2016-12-05 14:04:50.501  INFO 44687 --- [    Test worker] o.s.w.s.handler.SimpleUrlHandlerMapping  : Mapped URL path [/webjars/**] onto handler of type [class org.springframework.web.servlet.resource.ResourceHttpRequestHandler]
2016-12-05 14:04:50.501  INFO 44687 --- [    Test worker] o.s.w.s.handler.SimpleUrlHandlerMapping  : Mapped URL path [/**] onto handler of type [class org.springframework.web.servlet.resource.ResourceHttpRequestHandler]
2016-12-05 14:04:50.527  INFO 44687 --- [    Test worker] o.s.w.s.handler.SimpleUrlHandlerMapping  : Mapped URL path [/**/favicon.ico] onto handler of type [class org.springframework.web.servlet.resource.ResourceHttpRequestHandler]
2016-12-05 14:04:50.631  INFO 44687 --- [    Test worker] c.s.ShippableTestApplicationTests        : Started ShippableTestApplicationTests in 2.018 seconds (JVM running for 2.642)
]]></system-out>
  <system-err><![CDATA[]]></system-err>
</testsuite>
